::1 - - [27/Jul/2020:07:38:29 +0000] "POST /api/admin/createadmin HTTP/1.1" 401 45 "-" "PostmanRuntime/7.26.2"
::1 - - [27/Jul/2020:09:42:56 +0000] "DELETE /api/admin/removeAdmin HTTP/1.1" 401 32 "-" "PostmanRuntime/7.26.2"
::1 - - [27/Jul/2020:09:43:34 +0000] "DELETE /api/admin/removeAdmin HTTP/1.1" 401 45 "-" "PostmanRuntime/7.26.2"
::1 - - [27/Jul/2020:09:44:42 +0000] "DELETE /api/admin/removeAdmin HTTP/1.1" 401 45 "-" "PostmanRuntime/7.26.2"
::1 - - [27/Jul/2020:09:45:15 +0000] "DELETE /api/admin/removeAdmin HTTP/1.1" 401 45 "-" "PostmanRuntime/7.26.2"
::1 - - [27/Jul/2020:09:45:56 +0000] "DELETE /api/admin/removeAdmin HTTP/1.1" 401 49 "-" "PostmanRuntime/7.26.2"
::1 - - [27/Jul/2020:09:47:06 +0000] "DELETE /api/admin/removeAdmin HTTP/1.1" - - "-" "PostmanRuntime/7.26.2"
::1 - - [27/Jul/2020:09:47:25 +0000] "DELETE /api/admin/removeAdmin HTTP/1.1" 200 2 "-" "PostmanRuntime/7.26.2"
::1 - - [27/Jul/2020:09:49:14 +0000] "DELETE /api/admin/removeAdmin HTTP/1.1" 401 45 "-" "PostmanRuntime/7.26.2"
::1 - - [27/Jul/2020:09:49:41 +0000] "DELETE /api/admin/removeAdmin HTTP/1.1" 401 45 "-" "PostmanRuntime/7.26.2"
::1 - - [27/Jul/2020:09:49:50 +0000] "DELETE /api/admin/removeAdmin HTTP/1.1" 401 45 "-" "PostmanRuntime/7.26.2"
::1 - - [27/Jul/2020:09:50:04 +0000] "DELETE /api/admin/removeAdmin HTTP/1.1" 401 45 "-" "PostmanRuntime/7.26.2"
::1 - - [27/Jul/2020:09:50:15 +0000] "DELETE /api/admin/removeAdmin HTTP/1.1" 401 45 "-" "PostmanRuntime/7.26.2"
::1 - - [27/Jul/2020:09:51:11 +0000] "DELETE /api/admin/removeAdmin HTTP/1.1" 200 2 "-" "PostmanRuntime/7.26.2"
::1 - - [27/Jul/2020:09:57:12 +0000] "DELETE /api/admin/removeAdmin HTTP/1.1" 400 30 "-" "PostmanRuntime/7.26.2"
::1 - - [27/Jul/2020:09:57:50 +0000] "DELETE /api/admin/removeAdmin HTTP/1.1" 400 30 "-" "PostmanRuntime/7.26.2"
::1 - - [27/Jul/2020:09:58:34 +0000] "DELETE /api/admin/removeAdmin HTTP/1.1" 400 30 "-" "PostmanRuntime/7.26.2"
::1 - - [27/Jul/2020:10:00:30 +0000] "DELETE /api/admin/removeAdmin HTTP/1.1" 400 30 "-" "PostmanRuntime/7.26.2"
::1 - - [27/Jul/2020:10:00:50 +0000] "DELETE /api/admin/removeAdmin HTTP/1.1" 400 30 "-" "PostmanRuntime/7.26.2"
::1 - - [27/Jul/2020:10:01:13 +0000] "DELETE /api/admin/removeAdmin HTTP/1.1" 200 2 "-" "PostmanRuntime/7.26.2"
::1 - - [27/Jul/2020:10:01:49 +0000] "DELETE /api/admin/removeAdmin HTTP/1.1" 200 2 "-" "PostmanRuntime/7.26.2"
::1 - - [28/Jul/2020:04:04:53 +0000] "POST /api/auth/register HTTP/1.1" 201 - "http://localhost:3000/register" "Mozilla/5.0 (X11; Linux x86_64) AppleWebKit/537.36 (KHTML, like Gecko) Chrome/84.0.4147.89 Safari/537.36"
::1 - - [28/Jul/2020:04:04:59 +0000] "POST /api/auth/register HTTP/1.1" 400 25 "http://localhost:3000/register" "Mozilla/5.0 (iPhone; CPU iPhone OS 13_2_3 like Mac OS X) AppleWebKit/605.1.15 (KHTML, like Gecko) Version/13.0.3 Mobile/15E148 Safari/604.1"
::1 - - [28/Jul/2020:04:05:07 +0000] "POST /api/auth/register HTTP/1.1" 400 25 "http://localhost:3000/register" "Mozilla/5.0 (iPhone; CPU iPhone OS 13_2_3 like Mac OS X) AppleWebKit/605.1.15 (KHTML, like Gecko) Version/13.0.3 Mobile/15E148 Safari/604.1"
::1 - - [28/Jul/2020:04:05:11 +0000] "POST /api/auth/register HTTP/1.1" 201 - "http://localhost:3000/register" "Mozilla/5.0 (iPhone; CPU iPhone OS 13_2_3 like Mac OS X) AppleWebKit/605.1.15 (KHTML, like Gecko) Version/13.0.3 Mobile/15E148 Safari/604.1"
::1 - - [28/Jul/2020:04:05:13 +0000] "POST /api/auth/register HTTP/1.1" 400 25 "http://localhost:3000/register" "Mozilla/5.0 (iPhone; CPU iPhone OS 13_2_3 like Mac OS X) AppleWebKit/605.1.15 (KHTML, like Gecko) Version/13.0.3 Mobile/15E148 Safari/604.1"
::1 - - [28/Jul/2020:04:08:07 +0000] "POST /api/auth/register HTTP/1.1" 400 25 "-" "PostmanRuntime/7.26.2"
::1 - - [28/Jul/2020:04:08:11 +0000] "POST /api/auth/register HTTP/1.1" 201 - "-" "PostmanRuntime/7.26.2"
::1 - - [28/Jul/2020:04:08:54 +0000] "POST /api/auth/register HTTP/1.1" 201 - "-" "PostmanRuntime/7.26.2"
::1 - - [28/Jul/2020:04:09:06 +0000] "POST /api/auth/register HTTP/1.1" 201 - "-" "PostmanRuntime/7.26.2"
::1 - - [28/Jul/2020:04:09:20 +0000] "POST /api/auth/register HTTP/1.1" 400 25 "-" "PostmanRuntime/7.26.2"
::1 - - [28/Jul/2020:04:10:53 +0000] "POST /api/auth/register HTTP/1.1" 400 24 "-" "PostmanRuntime/7.26.2"
::1 - - [28/Jul/2020:04:11:22 +0000] "POST /api/auth/register HTTP/1.1" 400 24 "http://localhost:3000/register" "Mozilla/5.0 (X11; Linux x86_64) AppleWebKit/537.36 (KHTML, like Gecko) Chrome/84.0.4147.89 Safari/537.36"
::1 - - [28/Jul/2020:04:13:34 +0000] "POST /api/auth/register HTTP/1.1" 400 24 "http://localhost:3000/register" "Mozilla/5.0 (X11; Linux x86_64) AppleWebKit/537.36 (KHTML, like Gecko) Chrome/84.0.4147.89 Safari/537.36"
::1 - - [28/Jul/2020:04:13:47 +0000] "POST /api/auth/register HTTP/1.1" 201 - "http://localhost:3000/register" "Mozilla/5.0 (X11; Linux x86_64) AppleWebKit/537.36 (KHTML, like Gecko) Chrome/84.0.4147.89 Safari/537.36"
::ffff:127.0.0.1 - - [28/Jul/2020:06:41:16 +0000] "POST /api/auth/login HTTP/1.1" 400 24 "http://localhost:3000/login" "Mozilla/5.0 (X11; Ubuntu; Linux x86_64; rv:78.0) Gecko/20100101 Firefox/78.0"
::ffff:127.0.0.1 - - [28/Jul/2020:06:41:23 +0000] "POST /api/auth/login HTTP/1.1" 404 35 "http://localhost:3000/login" "Mozilla/5.0 (X11; Ubuntu; Linux x86_64; rv:78.0) Gecko/20100101 Firefox/78.0"
::ffff:127.0.0.1 - - [28/Jul/2020:06:41:32 +0000] "POST /api/auth/login HTTP/1.1" 404 35 "http://localhost:3000/login" "Mozilla/5.0 (X11; Ubuntu; Linux x86_64; rv:78.0) Gecko/20100101 Firefox/78.0"
::ffff:127.0.0.1 - - [28/Jul/2020:06:42:14 +0000] "POST /api/auth/login HTTP/1.1" 404 35 "http://localhost:3000/login" "Mozilla/5.0 (X11; Ubuntu; Linux x86_64; rv:78.0) Gecko/20100101 Firefox/78.0"
::1 - - [28/Jul/2020:07:22:38 +0000] "POST /api/auth/register HTTP/1.1" 400 24 "http://localhost:3000/recovery" "Mozilla/5.0 (X11; Linux x86_64) AppleWebKit/537.36 (KHTML, like Gecko) Chrome/84.0.4147.89 Safari/537.36"
::1 - - [28/Jul/2020:07:26:28 +0000] "POST /api/auth/recovey HTTP/1.1" 404 156 "-" "PostmanRuntime/7.26.2"
::1 - - [28/Jul/2020:07:26:40 +0000] "POST /api/auth/recovery HTTP/1.1" 200 2 "-" "PostmanRuntime/7.26.2"
::1 - - [28/Jul/2020:07:28:22 +0000] "POST /api/auth/recovery HTTP/1.1" 200 2 "http://localhost:3000/recovery" "Mozilla/5.0 (X11; Linux x86_64) AppleWebKit/537.36 (KHTML, like Gecko) Chrome/84.0.4147.89 Safari/537.36"
::1 - - [28/Jul/2020:10:23:24 +0000] "POST /api/auth/reset?token=eyJhbGciOiJIUzI1NiIsInR5cCI6IkpXVCJ9.eyJfaWQiOiI1ZjFlN2IyNGJiOTYzODQ3MDYzYWI2M2MiLCJpYXQiOjE1OTU5MjEzMDJ9.0c4isBxiR66srqSPsTLo2QZeaQ13sImk0Wt2r_QyOUk HTTP/1.1" 400 26 "http://localhost:3000/reset/eyJhbGciOiJIUzI1NiIsInR5cCI6IkpXVCJ9.eyJfaWQiOiI1ZjFlN2IyNGJiOTYzODQ3MDYzYWI2M2MiLCJpYXQiOjE1OTU5MjEzMDJ9.0c4isBxiR66srqSPsTLo2QZeaQ13sImk0Wt2r_QyOUk?" "Mozilla/5.0 (X11; Linux x86_64) AppleWebKit/537.36 (KHTML, like Gecko) Chrome/84.0.4147.89 Safari/537.36"
::1 - - [28/Jul/2020:10:24:09 +0000] "POST /api/auth/recovery HTTP/1.1" 200 2 "http://localhost:3000/recovery" "Mozilla/5.0 (X11; Linux x86_64) AppleWebKit/537.36 (KHTML, like Gecko) Chrome/84.0.4147.89 Safari/537.36"
::1 - - [28/Jul/2020:10:24:48 +0000] "POST /api/auth/reset?token=eyJhbGciOiJIUzI1NiIsInR5cCI6IkpXVCJ9.eyJfaWQiOiI1ZjFlN2IyNGJiOTYzODQ3MDYzYWI2M2MiLCJpYXQiOjE1OTU5MzE4NDl9.OXUc-yW_uzGPozef3VXvqirk09plo5tcAK92ly_gipQ HTTP/1.1" 200 23 "http://localhost:3000/reset/eyJhbGciOiJIUzI1NiIsInR5cCI6IkpXVCJ9.eyJfaWQiOiI1ZjFlN2IyNGJiOTYzODQ3MDYzYWI2M2MiLCJpYXQiOjE1OTU5MzE4NDl9.OXUc-yW_uzGPozef3VXvqirk09plo5tcAK92ly_gipQ" "Mozilla/5.0 (X11; Linux x86_64) AppleWebKit/537.36 (KHTML, like Gecko) Chrome/84.0.4147.89 Safari/537.36"
::1 - - [28/Jul/2020:10:25:06 +0000] "POST /api/auth/login HTTP/1.1" 200 - "http://localhost:3000/login" "Mozilla/5.0 (X11; Linux x86_64) AppleWebKit/537.36 (KHTML, like Gecko) Chrome/84.0.4147.89 Safari/537.36"
::1 - - [28/Jul/2020:10:25:10 +0000] "POST /api/auth/login HTTP/1.1" 200 - "http://localhost:3000/login" "Mozilla/5.0 (X11; Linux x86_64) AppleWebKit/537.36 (KHTML, like Gecko) Chrome/84.0.4147.89 Safari/537.36"
::1 - - [28/Jul/2020:10:25:15 +0000] "POST /api/auth/login HTTP/1.1" 200 - "http://localhost:3000/login" "Mozilla/5.0 (X11; Linux x86_64) AppleWebKit/537.36 (KHTML, like Gecko) Chrome/84.0.4147.89 Safari/537.36"
::1 - - [28/Jul/2020:10:25:16 +0000] "POST /api/auth/login HTTP/1.1" 200 - "http://localhost:3000/login" "Mozilla/5.0 (X11; Linux x86_64) AppleWebKit/537.36 (KHTML, like Gecko) Chrome/84.0.4147.89 Safari/537.36"
::1 - - [28/Jul/2020:10:25:17 +0000] "POST /api/auth/login HTTP/1.1" 200 - "http://localhost:3000/login" "Mozilla/5.0 (X11; Linux x86_64) AppleWebKit/537.36 (KHTML, like Gecko) Chrome/84.0.4147.89 Safari/537.36"
::1 - - [28/Jul/2020:10:25:17 +0000] "POST /api/auth/login HTTP/1.1" 200 - "http://localhost:3000/login" "Mozilla/5.0 (X11; Linux x86_64) AppleWebKit/537.36 (KHTML, like Gecko) Chrome/84.0.4147.89 Safari/537.36"
::1 - - [28/Jul/2020:10:25:17 +0000] "POST /api/auth/login HTTP/1.1" 200 - "http://localhost:3000/login" "Mozilla/5.0 (X11; Linux x86_64) AppleWebKit/537.36 (KHTML, like Gecko) Chrome/84.0.4147.89 Safari/537.36"
::1 - - [28/Jul/2020:10:25:17 +0000] "POST /api/auth/login HTTP/1.1" 200 - "http://localhost:3000/login" "Mozilla/5.0 (X11; Linux x86_64) AppleWebKit/537.36 (KHTML, like Gecko) Chrome/84.0.4147.89 Safari/537.36"
::1 - - [28/Jul/2020:10:25:17 +0000] "POST /api/auth/login HTTP/1.1" 200 - "http://localhost:3000/login" "Mozilla/5.0 (X11; Linux x86_64) AppleWebKit/537.36 (KHTML, like Gecko) Chrome/84.0.4147.89 Safari/537.36"
::1 - - [28/Jul/2020:10:25:18 +0000] "POST /api/auth/login HTTP/1.1" 200 - "http://localhost:3000/login" "Mozilla/5.0 (X11; Linux x86_64) AppleWebKit/537.36 (KHTML, like Gecko) Chrome/84.0.4147.89 Safari/537.36"
::1 - - [28/Jul/2020:10:25:43 +0000] "POST /api/auth/login HTTP/1.1" 200 - "http://localhost:3000/login" "Mozilla/5.0 (X11; Linux x86_64) AppleWebKit/537.36 (KHTML, like Gecko) Chrome/84.0.4147.89 Safari/537.36"
::1 - - [28/Jul/2020:10:25:46 +0000] "POST /api/auth/login HTTP/1.1" 200 - "http://localhost:3000/login" "Mozilla/5.0 (X11; Linux x86_64) AppleWebKit/537.36 (KHTML, like Gecko) Chrome/84.0.4147.89 Safari/537.36"
::1 - - [28/Jul/2020:10:26:30 +0000] "POST /api/auth/login HTTP/1.1" 400 24 "http://localhost:3000/login" "Mozilla/5.0 (X11; Linux x86_64) AppleWebKit/537.36 (KHTML, like Gecko) Chrome/84.0.4147.89 Safari/537.36"
::1 - - [28/Jul/2020:10:26:34 +0000] "POST /api/auth/login HTTP/1.1" 200 - "http://localhost:3000/login" "Mozilla/5.0 (X11; Linux x86_64) AppleWebKit/537.36 (KHTML, like Gecko) Chrome/84.0.4147.89 Safari/537.36"
::1 - - [28/Jul/2020:10:26:39 +0000] "POST /api/auth/login HTTP/1.1" 200 - "http://localhost:3000/login" "Mozilla/5.0 (X11; Linux x86_64) AppleWebKit/537.36 (KHTML, like Gecko) Chrome/84.0.4147.89 Safari/537.36"
::1 - - [28/Jul/2020:10:27:01 +0000] "POST /api/auth/login HTTP/1.1" 200 - "http://localhost:3000/login" "Mozilla/5.0 (X11; Linux x86_64) AppleWebKit/537.36 (KHTML, like Gecko) Chrome/84.0.4147.89 Safari/537.36"
::1 - - [28/Jul/2020:10:27:03 +0000] "POST /api/auth/login HTTP/1.1" 200 - "http://localhost:3000/login" "Mozilla/5.0 (X11; Linux x86_64) AppleWebKit/537.36 (KHTML, like Gecko) Chrome/84.0.4147.89 Safari/537.36"
::1 - - [28/Jul/2020:10:29:30 +0000] "POST /api/auth/login HTTP/1.1" 200 - "http://localhost:3000/login" "Mozilla/5.0 (X11; Linux x86_64) AppleWebKit/537.36 (KHTML, like Gecko) Chrome/84.0.4147.89 Safari/537.36"
::1 - - [28/Jul/2020:10:29:55 +0000] "POST /api/auth/login HTTP/1.1" 200 - "http://localhost:3000/login" "Mozilla/5.0 (X11; Linux x86_64) AppleWebKit/537.36 (KHTML, like Gecko) Chrome/84.0.4147.89 Safari/537.36"
::1 - - [28/Jul/2020:10:48:59 +0000] "POST /api/auth/login HTTP/1.1" 400 24 "http://localhost:3000/login" "Mozilla/5.0 (X11; Linux x86_64) AppleWebKit/537.36 (KHTML, like Gecko) Chrome/84.0.4147.89 Safari/537.36"
::1 - - [28/Jul/2020:10:49:04 +0000] "POST /api/auth/login HTTP/1.1" 400 24 "http://localhost:3000/login" "Mozilla/5.0 (X11; Linux x86_64) AppleWebKit/537.36 (KHTML, like Gecko) Chrome/84.0.4147.89 Safari/537.36"
::1 - - [28/Jul/2020:10:49:44 +0000] "POST /api/auth/login HTTP/1.1" 400 20 "http://localhost:3000/login" "Mozilla/5.0 (X11; Linux x86_64) AppleWebKit/537.36 (KHTML, like Gecko) Chrome/84.0.4147.89 Safari/537.36"
::1 - - [28/Jul/2020:10:51:11 +0000] "POST /api/auth/login HTTP/1.1" 400 20 "http://localhost:3000/login" "Mozilla/5.0 (X11; Linux x86_64) AppleWebKit/537.36 (KHTML, like Gecko) Chrome/84.0.4147.89 Safari/537.36"
::1 - - [28/Jul/2020:10:51:13 +0000] "POST /api/auth/login HTTP/1.1" 400 20 "http://localhost:3000/login" "Mozilla/5.0 (X11; Linux x86_64) AppleWebKit/537.36 (KHTML, like Gecko) Chrome/84.0.4147.89 Safari/537.36"
::1 - - [28/Jul/2020:10:51:39 +0000] "POST /api/auth/login HTTP/1.1" 400 20 "-" "PostmanRuntime/7.26.2"
::1 - - [28/Jul/2020:10:51:56 +0000] "POST /api/auth/login HTTP/1.1" 400 20 "-" "PostmanRuntime/7.26.2"
::1 - - [28/Jul/2020:10:52:28 +0000] "POST /api/auth/login HTTP/1.1" 400 20 "-" "PostmanRuntime/7.26.2"
::1 - - [28/Jul/2020:10:52:57 +0000] "POST /api/auth/login HTTP/1.1" 400 20 "-" "PostmanRuntime/7.26.2"
::1 - - [28/Jul/2020:10:53:12 +0000] "POST /api/auth/login HTTP/1.1" 400 20 "-" "PostmanRuntime/7.26.2"
::1 - - [28/Jul/2020:10:53:21 +0000] "POST /api/auth/login HTTP/1.1" 400 20 "-" "PostmanRuntime/7.26.2"
::1 - - [28/Jul/2020:10:54:00 +0000] "POST /api/auth/login HTTP/1.1" 404 35 "-" "PostmanRuntime/7.26.2"
::1 - - [28/Jul/2020:10:58:35 +0000] "POST /api/auth/login HTTP/1.1" 400 20 "-" "PostmanRuntime/7.26.2"
::1 - - [28/Jul/2020:10:59:41 +0000] "POST /api/auth/login HTTP/1.1" 400 20 "-" "PostmanRuntime/7.26.2"
::1 - - [28/Jul/2020:11:01:09 +0000] "POST /api/auth/login HTTP/1.1" 400 20 "-" "PostmanRuntime/7.26.2"
::1 - - [28/Jul/2020:11:01:11 +0000] "POST /api/auth/login HTTP/1.1" 400 20 "-" "PostmanRuntime/7.26.2"
::1 - - [28/Jul/2020:11:01:24 +0000] "POST /api/auth/login HTTP/1.1" 400 20 "-" "PostmanRuntime/7.26.2"
::1 - - [28/Jul/2020:11:01:59 +0000] "POST /api/auth/login HTTP/1.1" 400 20 "-" "PostmanRuntime/7.26.2"
::1 - - [28/Jul/2020:11:02:12 +0000] "POST /api/auth/login HTTP/1.1" 404 35 "-" "PostmanRuntime/7.26.2"
::1 - - [28/Jul/2020:11:04:25 +0000] "POST /api/auth/register HTTP/1.1" 201 - "http://localhost:3000/register" "Mozilla/5.0 (X11; Linux x86_64) AppleWebKit/537.36 (KHTML, like Gecko) Chrome/84.0.4147.89 Safari/537.36"
::1 - - [28/Jul/2020:11:05:47 +0000] "POST /api/auth/login HTTP/1.1" 400 24 "http://localhost:3000/login" "Mozilla/5.0 (X11; Linux x86_64) AppleWebKit/537.36 (KHTML, like Gecko) Chrome/84.0.4147.89 Safari/537.36"
::1 - - [28/Jul/2020:11:05:56 +0000] "POST /api/auth/login HTTP/1.1" 404 35 "http://localhost:3000/login" "Mozilla/5.0 (X11; Linux x86_64) AppleWebKit/537.36 (KHTML, like Gecko) Chrome/84.0.4147.89 Safari/537.36"
::1 - - [28/Jul/2020:11:06:08 +0000] "POST /api/auth/login HTTP/1.1" 200 - "http://localhost:3000/login" "Mozilla/5.0 (X11; Linux x86_64) AppleWebKit/537.36 (KHTML, like Gecko) Chrome/84.0.4147.89 Safari/537.36"
